[2019-09-09 03:06:48.888] [exthost2] [info] extension host started
[2019-09-09 03:06:48.936] [exthost2] [info] ExtensionService#_doActivateExtension vscode.debug-auto-launch {"startup":true,"activationEvent":"*"}
[2019-09-09 03:06:48.936] [exthost2] [info] ExtensionService#loadCommonJSModule /usr/share/code/resources/app/extensions/debug-auto-launch/out/extension
[2019-09-09 03:06:48.964] [exthost2] [info] ExtensionService#_doActivateExtension vscode.emmet {"startup":true,"activationEvent":"*"}
[2019-09-09 03:06:48.964] [exthost2] [info] ExtensionService#loadCommonJSModule /usr/share/code/resources/app/extensions/emmet/dist/extension
[2019-09-09 03:06:49.052] [exthost2] [info] ExtensionService#_doActivateExtension vscode.git {"startup":true,"activationEvent":"*"}
[2019-09-09 03:06:49.053] [exthost2] [info] ExtensionService#loadCommonJSModule /usr/share/code/resources/app/extensions/git/dist/main
[2019-09-09 03:06:49.463] [exthost2] [info] ExtensionService#_doActivateExtension vscode.merge-conflict {"startup":true,"activationEvent":"*"}
[2019-09-09 03:06:49.463] [exthost2] [info] ExtensionService#loadCommonJSModule /usr/share/code/resources/app/extensions/merge-conflict/out/extension
[2019-09-09 03:06:49.503] [exthost2] [info] ExtensionService#_doActivateExtension vscode.search-rg {"startup":true,"activationEvent":"*"}
[2019-09-09 03:06:49.503] [exthost2] [info] ExtensionService#loadCommonJSModule /usr/share/code/resources/app/extensions/search-rg/out/extension
[2019-09-09 03:06:49.522] [exthost2] [info] eager extensions activated
[2019-09-09 03:09:40.562] [exthost2] [info] ExtensionService#_doActivateExtension mitaki28.vscode-clang {"startup":false,"activationEvent":"onLanguage:c"}
[2019-09-09 03:09:40.563] [exthost2] [info] ExtensionService#loadCommonJSModule /home/snickerton/.vscode/extensions/mitaki28.vscode-clang-0.2.3/out/src/extension
[2019-09-09 03:09:40.601] [exthost2] [info] ExtensionService#_doActivateExtension ms-vscode.cpptools {"startup":false,"activationEvent":"onLanguage:c"}
[2019-09-09 03:09:40.601] [exthost2] [info] ExtensionService#loadCommonJSModule /home/snickerton/.vscode/extensions/ms-vscode.cpptools-0.21.0/out/src/main
[2019-09-09 03:11:50.793] [exthost2] [info] ExtensionService#_doActivateExtension vscode.configuration-editing {"startup":false,"activationEvent":"onLanguage:jsonc"}
[2019-09-09 03:11:50.793] [exthost2] [info] ExtensionService#loadCommonJSModule /usr/share/code/resources/app/extensions/configuration-editing/out/extension
[2019-09-09 03:11:51.597] [exthost2] [info] ExtensionService#_doActivateExtension vscode.json-language-features {"startup":false,"activationEvent":"onLanguage:jsonc"}
[2019-09-09 03:11:51.597] [exthost2] [info] ExtensionService#loadCommonJSModule /usr/share/code/resources/app/extensions/json-language-features/client/dist/jsonMain
[2019-09-09 03:11:51.834] [exthost2] [info] ExtensionService#_doActivateExtension vscode.typescript-language-features {"startup":false,"activationEvent":"onLanguage:jsonc"}
[2019-09-09 03:11:51.834] [exthost2] [info] ExtensionService#loadCommonJSModule /usr/share/code/resources/app/extensions/typescript-language-features/dist/extension
